npm ERR! code ERESOLVE
npm ERR! ERESOLVE unable to resolve dependency tree
npm ERR! 
npm ERR! While resolving: hotspotstory@1.0.0
npm ERR! Found: react-native-reanimated@3.10.1
npm ERR! node_modules/react-native-reanimated
npm ERR!   react-native-reanimated@"~3.10.1" from the root project
npm ERR! 
npm ERR! Could not resolve dependency:
npm ERR! peer react-native-reanimated@">=3.16.0" from @gorhom/bottom-sheet@5.0.6
npm ERR! node_modules/@gorhom/bottom-sheet
npm ERR!   dev @gorhom/bottom-sheet@"^5.0.6" from the root project
npm ERR! 
npm ERR! Fix the upstream dependency conflict, or retry
npm ERR! this command with --force or --legacy-peer-deps
npm ERR! to accept an incorrect (and potentially broken) dependency resolution.
npm ERR! 
npm ERR! 
npm ERR! For a full report see:
npm ERR! /Users/nguyentranminhthien/.npm/_logs/2024-11-18T04_29_27_360Z-eresolve-report.txt

npm ERR! A complete log of this run can be found in: /Users/nguyentranminhthien/.npm/_logs/2024-11-18T04_29_27_360Z-debug-0.log
